#
# There is insufficient memory for the Java Runtime Environment to continue.
# Native memory allocation (malloc) failed to allocate 1048576 bytes for AllocateHeap
# Possible reasons:
#   The system is out of physical RAM or swap space
#   The process is running with CompressedOops enabled, and the Java Heap may be blocking the growth of the native heap
# Possible solutions:
#   Reduce memory load on the system
#   Increase physical memory or swap space
#   Check if swap backing store is full
#   Decrease Java heap size (-Xmx/-Xms)
#   Decrease number of Java threads
#   Decrease Java thread stack sizes (-Xss)
#   Set larger code cache with -XX:ReservedCodeCacheSize=
#   JVM is running with Unscaled Compressed Oops mode in which the Java heap is
#     placed in the first 4GB address space. The Java Heap base address is the
#     maximum limit for the native heap growth. Please use -XX:HeapBaseMinAddress
#     to set the Java Heap base and to place the Java Heap above 4GB virtual address.
# This output file may be truncated or incomplete.
#
#  Out of Memory Error (memory/allocation.inline.hpp:61), pid=7348, tid=0x0000000000003334
#
# JRE version:  (8.0_242-b01) (build )
# Java VM: OpenJDK 64-Bit Server VM (25.242-b01 mixed mode windows-amd64 compressed oops)
# Failed to write core dump. Minidumps are not enabled by default on client versions of Windows
#

---------------  T H R E A D  ---------------

Current thread (0x0000000002bc7000):  JavaThread "Unknown thread" [_thread_in_vm, id=13108, stack(0x0000000002ac0000,0x0000000002bc0000)]

Stack: [0x0000000002ac0000,0x0000000002bc0000]
[error occurred during error reporting (printing stack bounds), id 0xc0000005]

Native frames: (J=compiled Java code, j=interpreted, Vv=VM code, C=native code)


---------------  P R O C E S S  ---------------

Java Threads: ( => current thread )

Other Threads:

=>0x0000000002bc7000 (exited) JavaThread "Unknown thread" [_thread_in_vm, id=13108, stack(0x0000000002ac0000,0x0000000002bc0000)]

VM state:not at safepoint (normal execution)

VM Mutex/Monitor currently owned by a thread: None

heap address: 0x00000000c2000000, size: 992 MB, Compressed Oops mode: 32-bit
Narrow klass base: 0x0000000000000000, Narrow klass shift: 3
Compressed class space size: 1073741824 Address: 0x0000000100000000

Heap:
 PSYoungGen      total 18432K, used 317K [0x00000000eb580000, 0x00000000eca00000, 0x0000000100000000)
  eden space 15872K, 2% used [0x00000000eb580000,0x00000000eb5cf5d0,0x00000000ec500000)
  from space 2560K, 0% used [0x00000000ec780000,0x00000000ec780000,0x00000000eca00000)
  to   space 2560K, 0% used [0x00000000ec500000,0x00000000ec500000,0x00000000ec780000)
 ParOldGen       total 42496K, used 0K [0x00000000c2000000, 0x00000000c4980000, 0x00000000eb580000)
  object space 42496K, 0% used [0x00000000c2000000,0x00000000c2000000,0x00000000c4980000)
 Metaspace       used 779K, capacity 4480K, committed 4480K, reserved 1056768K
  class space    used 74K, capacity 384K, committed 384K, reserved 1048576K

Card table byte_map: [0x0000000012080000,0x0000000012280000] byte_map_base: 0x0000000011a70000

Marking Bits: (ParMarkBitMap*) 0x00000000667af030
 Begin Bits: [0x00000000127d0000, 0x0000000013750000)
 End Bits:   [0x0000000013750000, 0x00000000146d0000)

Polling page: 0x0000000000940000

CodeCache: size=245760Kb used=327Kb max_used=327Kb free=245432Kb
 bounds [0x0000000002cc0000, 0x0000000002f30000, 0x0000000011cc0000]
 total_blobs=56 nmethods=0 adapters=38
 compilation: enabled

Compilation events (0 events):
No events

GC Heap History (0 events):
No events

Deoptimization events (0 events):
No events

Classes redefined (0 events):
No events

Internal exceptions (0 events):
No events

Events (10 events):
Event: 0.043 loading class java/lang/Short
Event: 0.043 loading class java/lang/Short done
Event: 0.043 loading class java/lang/Integer
Event: 0.043 loading class java/lang/Integer done
Event: 0.043 loading class java/lang/Long
Event: 0.044 loading class java/lang/Long done
Event: 0.045 loading class java/lang/NullPointerException
Event: 0.045 loading class java/lang/NullPointerException done
Event: 0.045 loading class java/lang/ArithmeticException
Event: 0.045 loading class java/lang/ArithmeticException done


Dynamic libraries:
0x00007ff6d5810000 - 0x00007ff6d5841000 	C:\Program Files\Android\Android Studio\jre\jre\bin\java.exe
0x00007ffc261e0000 - 0x00007ffc263d0000 	C:\WINDOWS\SYSTEM32\ntdll.dll
0x00007ffc24dc0000 - 0x00007ffc24e72000 	C:\WINDOWS\System32\KERNEL32.DLL
0x00007ffc23d20000 - 0x00007ffc23fc4000 	C:\WINDOWS\System32\KERNELBASE.dll
0x00007ffc24420000 - 0x00007ffc244c3000 	C:\WINDOWS\System32\ADVAPI32.dll
0x00007ffc25410000 - 0x00007ffc254ae000 	C:\WINDOWS\System32\msvcrt.dll
0x00007ffc24e90000 - 0x00007ffc24f27000 	C:\WINDOWS\System32\sechost.dll
0x00007ffc25c80000 - 0x00007ffc25da0000 	C:\WINDOWS\System32\RPCRT4.dll
0x00007ffc25da0000 - 0x00007ffc25f34000 	C:\WINDOWS\System32\USER32.dll
0x00007ffc234c0000 - 0x00007ffc234e1000 	C:\WINDOWS\System32\win32u.dll
0x00007ffc24530000 - 0x00007ffc24556000 	C:\WINDOWS\System32\GDI32.dll
0x00007ffc23fd0000 - 0x00007ffc24166000 	C:\WINDOWS\System32\gdi32full.dll
0x00007ffc234f0000 - 0x00007ffc2358e000 	C:\WINDOWS\System32\msvcp_win.dll
0x00007ffc23310000 - 0x00007ffc2340a000 	C:\WINDOWS\System32\ucrtbase.dll
0x00007ffc0d060000 - 0x00007ffc0d2e4000 	C:\WINDOWS\WinSxS\amd64_microsoft.windows.common-controls_6595b64144ccf1df_6.0.18362.959_none_e6c7bbbf130c62bb\COMCTL32.dll
0x00007ffc24560000 - 0x00007ffc24895000 	C:\WINDOWS\System32\combase.dll
0x00007ffc24190000 - 0x00007ffc24210000 	C:\WINDOWS\System32\bcryptPrimitives.dll
0x00007ffc243f0000 - 0x00007ffc2441e000 	C:\WINDOWS\System32\IMM32.DLL
0x0000000065f00000 - 0x0000000065fd2000 	C:\Program Files\Android\Android Studio\jre\jre\bin\msvcr100.dll
0x0000000065fe0000 - 0x000000006682b000 	C:\Program Files\Android\Android Studio\jre\jre\bin\server\jvm.dll
0x00007ffc24920000 - 0x00007ffc24928000 	C:\WINDOWS\System32\PSAPI.DLL
0x00007ffbf74b0000 - 0x00007ffbf74b9000 	C:\WINDOWS\SYSTEM32\WSOCK32.dll
0x00007ffc21100000 - 0x00007ffc21124000 	C:\WINDOWS\SYSTEM32\WINMM.dll
0x00007ffc24f30000 - 0x00007ffc24f9f000 	C:\WINDOWS\System32\WS2_32.dll
0x00007ffc1dc80000 - 0x00007ffc1dc8a000 	C:\WINDOWS\SYSTEM32\VERSION.dll
0x00007ffc210d0000 - 0x00007ffc210fd000 	C:\WINDOWS\SYSTEM32\WINMMBASE.dll
0x00007ffc24240000 - 0x00007ffc2428a000 	C:\WINDOWS\System32\cfgmgr32.dll
0x00007ffc1f900000 - 0x00007ffc1f90f000 	C:\Program Files\Android\Android Studio\jre\jre\bin\verify.dll
0x00007ffc0df20000 - 0x00007ffc0df49000 	C:\Program Files\Android\Android Studio\jre\jre\bin\java.dll
0x00007ffc0e130000 - 0x00007ffc0e146000 	C:\Program Files\Android\Android Studio\jre\jre\bin\zip.dll

VM Arguments:
java_command: org.jetbrains.kotlin.cli.jvm.K2JVMCompiler -Xallow-no-source-files -classpath C:\Users\DarkCloud\Desktop\c++\study\Kotlin\Todo\app\build\intermediates\compile_and_runtime_not_namespaced_r_class_jar\debug\R.jar;C:\Users\DarkCloud\.gradle\caches\transforms-2\files-2.1\e17203e35ecb048d0ba195bf1e0ad43e\jetified-realm-android-library-5.2.0-api.jar;C:\Users\DarkCloud\.gradle\caches\transforms-2\files-2.1\8c6662526ba390727d026cff85ae6fac\jetified-realm-android-kotlin-extensions-5.2.0-api.jar;C:\Users\DarkCloud\.gradle\caches\transforms-2\files-2.1\bbf3477f9d611e0ee8900e8d96dca35c\jetified-realm-annotations-5.2.0.jar;C:\Users\DarkCloud\.gradle\caches\transforms-2\files-2.1\831b1e9591ebcd14d90c189f6a54705e\jetified-jsr305-3.0.2.jar;C:\Users\DarkCloud\.gradle\caches\transforms-2\files-2.1\f2529c967a0ed3ba29e0e48414a3073f\jetified-relinker-1.2.2-api.jar;C:\Users\DarkCloud\.gradle\caches\transforms-2\files-2.1\f22c57af3808b183e72959795af8b215\jetified-kotlin-stdlib-jdk7-1.2.10.jar;C:\Users\DarkCloud\.gradle\caches\transforms-2\files-2.1\d4b7551280550946045502e9f8f892b2\jetified-kotlin-android-extensions-runtime-1.3.72.jar;C:\Users\DarkCloud\.gradle\caches\transforms-2\files-2.1\47b361ae8297be62fbe4a0737746bd10\jetified-core-ktx-1.3.0-api.jar;C:\Users\DarkCloud\.gradle\caches\transforms-2\files-2.1\cccee0b5abb760a1c39bb06ab9a7eecd\navigation-fragment-ktx-2.1.0-api.jar;C:\Users\DarkCloud\.gradle\caches\transforms-2\files-2.1\5e9c34aafc0dfd654b85f25a9aba490a\navigation-ui-ktx-2.1.0-api.jar;C:\Users\DarkCloud\.gradle\caches\transforms-2\files-2.1\9cca5e14aa8ea4e9f5bbdec2127b9bbd\navigation-runtime-ktx-2.1.0-api.jar;C:\Users\DarkCloud\.gradle\caches\transforms-2\files-2.1\f28179b479467fdf957f3f4630bf13f6\jetified-fragment-ktx-1.1.0-api.jar;C:\Users\DarkCloud\.gradle\caches\transforms-2\files-2.1\169cfeb6ec5898c3687c83646c227923\jetified-activity-ktx-1.0.0-api.jar;C:\Users\DarkCloud\.gradle\caches\transforms-2\files-2.1\6bfc312423d042c73dccf7ba1d518269\jetified-lifecy
java_class_path (initial): C:\Users\DarkCloud\.gradle\caches\modules-2\files-2.1\org.jetbrains.kotlin\kotlin-compiler-embeddable\1.3.72\fb72232c8fa977d5e07d33c43381ddbdc5edab6\kotlin-compiler-embeddable-1.3.72.jar;C:\Users\DarkCloud\.gradle\caches\modules-2\files-2.1\org.jetbrains.kotlin\kotlin-reflect\1.3.72\86613e1a669a701b0c660bfd2af4f82a7ae11fca\kotlin-reflect-1.3.72.jar;C:\Users\DarkCloud\.gradle\caches\modules-2\files-2.1\org.jetbrains.kotlin\kotlin-stdlib\1.3.72\8032138f12c0180bc4e51fe139d4c52b46db6109\kotlin-stdlib-1.3.72.jar;C:\Users\DarkCloud\.gradle\caches\modules-2\files-2.1\org.jetbrains.kotlin\kotlin-script-runtime\1.3.72\657d8d34d91e1964b4439378c09933e840bfe8d5\kotlin-script-runtime-1.3.72.jar;C:\Users\DarkCloud\.gradle\caches\modules-2\files-2.1\org.jetbrains.kotlin\kotlin-daemon-embeddable\1.3.72\53bbaa2816dbf6bdb85f629451b1fcc88f2164d2\kotlin-daemon-embeddable-1.3.72.jar;C:\Users\DarkCloud\.gradle\caches\modules-2\files-2.1\org.jetbrains.intellij.deps\trove4j\1.0.20181211\216c2e14b070f334479d800987affe4054cd563f\trove4j-1.0.20181211.jar;C:\Users\DarkCloud\.gradle\caches\modules-2\files-2.1\org.jetbrains.kotlin\kotlin-stdlib-common\1.3.72\6ca8bee3d88957eaaaef077c41c908c9940492d8\kotlin-stdlib-common-1.3.72.jar;C:\Users\DarkCloud\.gradle\caches\modules-2\files-2.1\org.jetbrains\annotations\13.0\919f0dfe192fb4e063e7dacadee7f8bb9a2672a9\annotations-13.0.jar;C:\Program Files\Android\Android Studio\jre\lib\tools.jar
Launcher Type: SUN_STANDARD

Environment Variables:
PATH=C:\Program Files (x86)\NAT Service;C:\Program Files (x86)\Common Files\Oracle\Java\javapath;C:\WINDOWS\system32;C:\WINDOWS;C:\WINDOWS\System32\Wbem;C:\WINDOWS\System32\WindowsPowerShell\v1.0\;C:\Program Files\Microsoft SQL Server\110\Tools\Binn\;C:\WINDOWS\System32\OpenSSH\;C:\Program Files\Microsoft\Web Platform Installer\;C:\Program Files\dotnet\;C:\Users\DarkCloud\AppData\Local\Microsoft\WindowsApps;C:\Program Files\Microsoft VS Code\bin;C:\Program Files\Bandizip\;C:\Program Files\Java\jdk-10.0.2\bin;;C:\Users\DarkCloud\AppData\Local\Programs\Microsoft VS Code\bin;C:\Program Files (x86)\ESTsoft\ALSee\x64
USERNAME=DarkCloud
OS=Windows_NT
PROCESSOR_IDENTIFIER=Intel64 Family 6 Model 158 Stepping 9, GenuineIntel



---------------  S Y S T E M  ---------------

OS: Windows 10.0 , 64 bit Build 18362 (10.0.18362.959)

CPU:total 4 (initial active 4) (2 cores per cpu, 2 threads per core) family 6 model 158 stepping 9, cmov, cx8, fxsr, mmx, sse, sse2, sse3, ssse3, sse4.1, sse4.2, popcnt, aes, clmul, erms, 3dnowpref, lzcnt, ht, tsc, tscinvbit

Memory: 4k page, physical 4056824k(243632k free), swap 6905592k(6020k free)

vm_info: OpenJDK 64-Bit Server VM (25.242-b01) for windows-amd64 JRE (1.8.0_242-release-1644-b01), built by "builder" with MS VC++ 10.0 (VS2010)

time: Mon Jul 20 02:04:55 2020
timezone: 대한민국 표준시
elapsed time: 0 seconds (0d 0h 0m 0s)

