#
# There is insufficient memory for the Java Runtime Environment to continue.
# Native memory allocation (malloc) failed to allocate 900176 bytes for Chunk::new
# Possible reasons:
#   The system is out of physical RAM or swap space
#   The process is running with CompressedOops enabled, and the Java Heap may be blocking the growth of the native heap
# Possible solutions:
#   Reduce memory load on the system
#   Increase physical memory or swap space
#   Check if swap backing store is full
#   Decrease Java heap size (-Xmx/-Xms)
#   Decrease number of Java threads
#   Decrease Java thread stack sizes (-Xss)
#   Set larger code cache with -XX:ReservedCodeCacheSize=
#   JVM is running with Unscaled Compressed Oops mode in which the Java heap is
#     placed in the first 4GB address space. The Java Heap base address is the
#     maximum limit for the native heap growth. Please use -XX:HeapBaseMinAddress
#     to set the Java Heap base and to place the Java Heap above 4GB virtual address.
# This output file may be truncated or incomplete.
#
#  Out of Memory Error (allocation.cpp:389), pid=3720, tid=0x00000000000028e8
#
# JRE version: OpenJDK Runtime Environment (8.0_242-b01) (build 1.8.0_242-release-1644-b01)
# Java VM: OpenJDK 64-Bit Server VM (25.242-b01 mixed mode windows-amd64 compressed oops)
# Failed to write core dump. Minidumps are not enabled by default on client versions of Windows
#

---------------  T H R E A D  ---------------

Current thread (0x0000000017acd000):  JavaThread "C2 CompilerThread0" daemon [_thread_in_native, id=10472, stack(0x0000000019480000,0x0000000019580000)]

Stack: [0x0000000019480000,0x0000000019580000]
[error occurred during error reporting (printing stack bounds), id 0xc0000005]

Native frames: (J=compiled Java code, j=interpreted, Vv=VM code, C=native code)


Current CompileTask:
C2:  92032 18718 %     4       org.gradle.internal.instantiation.generator.AbstractClassGenerator::inspectType @ 107 (559 bytes)


---------------  P R O C E S S  ---------------

Java Threads: ( => current thread )
  0x000000001f651800 JavaThread "ForkJoinPool.commonPool-worker-0" daemon [_thread_blocked, id=12644, stack(0x0000000000eb0000,0x0000000000fb0000)]
  0x000000002085c800 JavaThread "Cache worker for Java compile cache (C:\Users\DarkCloud\Desktop\c++\study\Kotlin\StopWatch\.gradle\6.1.1\javaCompile)" [_thread_blocked, id=12752, stack(0x0000000028910000,0x0000000028a10000)]
  0x0000000020853000 JavaThread "Cache worker for Java compile cache (C:\Users\DarkCloud\.gradle\caches\6.1.1\javaCompile)" [_thread_blocked, id=12764, stack(0x0000000028210000,0x0000000028310000)]
  0x000000002085e000 JavaThread "RMI TCP Connection(idle)" daemon [_thread_blocked, id=12420, stack(0x0000000028810000,0x0000000028910000)]
  0x000000002085f800 JavaThread "RMI Reaper" [_thread_blocked, id=12428, stack(0x0000000028510000,0x0000000028610000)]
  0x000000002085c000 JavaThread "RMI TCP Accept-0" daemon [_thread_in_native, id=12412, stack(0x0000000028410000,0x0000000028510000)]
  0x000000002085b000 JavaThread "GC Daemon" daemon [_thread_blocked, id=12404, stack(0x0000000028310000,0x0000000028410000)]
  0x0000000020859800 JavaThread "RMI Scheduler(0)" daemon [_thread_blocked, id=12408, stack(0x0000000028110000,0x0000000028210000)]
  0x000000002085a800 JavaThread "stdout" [_thread_in_native, id=9252, stack(0x0000000027810000,0x0000000027910000)]
  0x000000002085f000 JavaThread "stderr" [_thread_in_native, id=11944, stack(0x0000000027710000,0x0000000027810000)]
  0x000000002085d800 JavaThread "stdout" [_thread_in_native, id=11868, stack(0x0000000027610000,0x0000000027710000)]
  0x0000000020852000 JavaThread "stderr" [_thread_in_native, id=10856, stack(0x00000000271d0000,0x00000000272d0000)]
  0x0000000020851800 JavaThread "MarlinRenderer Disposer" daemon [_thread_blocked, id=11384, stack(0x0000000027310000,0x0000000027410000)]
  0x0000000020858000 JavaThread "Java2D Disposer" daemon [_thread_blocked, id=2192, stack(0x0000000027060000,0x0000000027160000)]
  0x0000000020855000 JavaThread "WorkerExecutor Queue Thread 4" [_thread_blocked, id=10976, stack(0x0000000026d60000,0x0000000026e60000)]
  0x0000000020857800 JavaThread "WorkerExecutor Queue Thread 3" [_thread_blocked, id=10488, stack(0x0000000026c60000,0x0000000026d60000)]
  0x0000000020856800 JavaThread "WorkerExecutor Queue Thread 2" [_thread_blocked, id=8852, stack(0x00000000266e0000,0x00000000267e0000)]
  0x0000000020850800 JavaThread "WorkerExecutor Queue" [_thread_blocked, id=9248, stack(0x0000000026b60000,0x0000000026c60000)]
  0x0000000020854800 JavaThread "stdout" [_thread_in_native, id=12208, stack(0x0000000026960000,0x0000000026a60000)]
  0x000000001e7b0800 JavaThread "stderr" [_thread_in_native, id=12144, stack(0x0000000026860000,0x0000000026960000)]
  0x000000001e7b0000 JavaThread "stdout" [_thread_in_native, id=7264, stack(0x00000000265e0000,0x00000000266e0000)]
  0x000000001e7af000 JavaThread "stderr" [_thread_in_native, id=11796, stack(0x00000000264e0000,0x00000000265e0000)]
  0x000000001e7ae800 JavaThread "pool-2-thread-1" [_thread_blocked, id=12196, stack(0x0000000025330000,0x0000000025430000)]
  0x000000001e7ad800 JavaThread "Cache worker for execution history cache (C:\Users\DarkCloud\Desktop\c++\study\Kotlin\StopWatch\.gradle\6.1.1\executionHistory)" [_thread_blocked, id=12064, stack(0x0000000024df0000,0x0000000024ef0000)]
  0x000000001e7aa000 JavaThread "Cache worker for file content cache (C:\Users\DarkCloud\Desktop\c++\study\Kotlin\StopWatch\.gradle\6.1.1\fileContent)" [_thread_blocked, id=10528, stack(0x00000000245f0000,0x00000000246f0000)]
  0x000000001e7ac000 JavaThread "Cache worker for file content cache (C:\Users\DarkCloud\.gradle\caches\6.1.1\fileContent)" [_thread_blocked, id=5456, stack(0x00000000244f0000,0x00000000245f0000)]
  0x000000001e7a4800 JavaThread "Memory manager" [_thread_blocked, id=11032, stack(0x0000000024190000,0x0000000024290000)]
  0x000000001e7a3800 JavaThread "Cache worker for Build Output Cleanup Cache (C:\Users\DarkCloud\Desktop\c++\study\Kotlin\StopWatch\.gradle\buildOutputCleanup)" [_thread_blocked, id=7104, stack(0x0000000022080000,0x0000000022180000)]
  0x000000001e7aa800 JavaThread "Build operations Thread 4" [_thread_blocked, id=9724, stack(0x0000000021f80000,0x0000000022080000)]
  0x000000001e7a2000 JavaThread "Build operations Thread 3" [_thread_blocked, id=2488, stack(0x0000000021e80000,0x0000000021f80000)]
  0x000000001e7a9000 JavaThread "Build operations Thread 2" [_thread_blocked, id=8680, stack(0x0000000021d80000,0x0000000021e80000)]
  0x000000001e7a7000 JavaThread "Build operations" [_thread_blocked, id=11308, stack(0x0000000021c80000,0x0000000021d80000)]
  0x000000001b6e5800 JavaThread "Cache worker for execution history cache (C:\Users\DarkCloud\.gradle\caches\6.1.1\executionHistory)" [_thread_blocked, id=9940, stack(0x0000000020be0000,0x0000000020ce0000)]
  0x000000001b6e5000 JavaThread "Cache worker for cache directory md-rule (C:\Users\DarkCloud\.gradle\caches\6.1.1\md-rule)" [_thread_blocked, id=12104, stack(0x000000001f9a0000,0x000000001faa0000)]
  0x000000001b6e7000 JavaThread "Cache worker for cache directory md-supplier (C:\Users\DarkCloud\.gradle\caches\6.1.1\md-supplier)" [_thread_blocked, id=7384, stack(0x000000001f8a0000,0x000000001f9a0000)]
  0x000000001b6e4000 JavaThread "Cache worker for file hash cache (C:\Users\DarkCloud\Desktop\c++\study\Kotlin\StopWatch\.gradle\6.1.1\fileHashes)" [_thread_blocked, id=11184, stack(0x0000000020f80000,0x0000000021080000)]
  0x000000001b6e3800 JavaThread "Cache worker for checksums cache (C:\Users\DarkCloud\Desktop\c++\study\Kotlin\StopWatch\.gradle\checksums)" [_thread_blocked, id=4816, stack(0x0000000020ae0000,0x0000000020be0000)]
  0x000000001b6e1000 JavaThread "Cache worker for file hash cache (C:\Users\DarkCloud\.gradle\caches\6.1.1\fileHashes)" [_thread_blocked, id=8212, stack(0x000000001d400000,0x000000001d500000)]
  0x000000001b6e2000 JavaThread "File lock request listener" [_thread_in_native, id=11244, stack(0x000000001d300000,0x000000001d400000)]
  0x000000001b63d800 JavaThread "Cache worker for journal cache (C:\Users\DarkCloud\.gradle\caches\journal-1)" [_thread_blocked, id=2104, stack(0x000000001d200000,0x000000001d300000)]
  0x000000001b502800 JavaThread "Thread-9" [_thread_blocked, id=8344, stack(0x000000001cf00000,0x000000001d000000)]
  0x000000001b4e6000 JavaThread "Asynchronous log dispatcher for DefaultDaemonConnection: socket connection from /127.0.0.1:2455 to /127.0.0.1:2456" [_thread_blocked, id=2908, stack(0x000000001cd00000,0x000000001ce00000)]
  0x000000001b4e4000 JavaThread "Daemon worker" [_thread_in_Java, id=9840, stack(0x000000001cc00000,0x000000001cd00000)]
  0x000000001b4e3000 JavaThread "Cancel handler" [_thread_blocked, id=11540, stack(0x000000001cb00000,0x000000001cc00000)]
  0x000000001b4b6000 JavaThread "Handler for socket connection from /127.0.0.1:2455 to /127.0.0.1:2456" [_thread_in_native, id=12180, stack(0x000000001c800000,0x000000001c900000)]
  0x000000001b4ab000 JavaThread "Daemon" [_thread_blocked, id=10340, stack(0x000000001c700000,0x000000001c800000)]
  0x000000001b451000 JavaThread "Daemon periodic checks" [_thread_blocked, id=8676, stack(0x000000001c600000,0x000000001c700000)]
  0x000000001b432000 JavaThread "Incoming local TCP Connector on port 2455" [_thread_in_native, id=11656, stack(0x000000001c420000,0x000000001c520000)]
  0x000000001b23f800 JavaThread "Daemon health stats" [_thread_blocked, id=6392, stack(0x000000001c320000,0x000000001c420000)]
  0x0000000018f0b800 JavaThread "Service Thread" daemon [_thread_blocked, id=4968, stack(0x0000000019780000,0x0000000019880000)]
  0x0000000017a83800 JavaThread "C1 CompilerThread2" daemon [_thread_in_native, id=6028, stack(0x0000000019680000,0x0000000019780000)]
  0x0000000017a7c000 JavaThread "C2 CompilerThread1" daemon [_thread_in_native, id=9184, stack(0x0000000019580000,0x0000000019680000)]
=>0x0000000017acd000 JavaThread "C2 CompilerThread0" daemon [_thread_in_native, id=10472, stack(0x0000000019480000,0x0000000019580000)]
  0x0000000017aca800 JavaThread "Attach Listener" daemon [_thread_blocked, id=6424, stack(0x0000000019380000,0x0000000019480000)]
  0x0000000018e90800 JavaThread "Signal Dispatcher" daemon [_thread_blocked, id=2656, stack(0x0000000019280000,0x0000000019380000)]
  0x0000000002e4b000 JavaThread "Finalizer" daemon [_thread_blocked, id=600, stack(0x0000000018cf0000,0x0000000018df0000)]
  0x0000000017a59000 JavaThread "Reference Handler" daemon [_thread_blocked, id=7704, stack(0x0000000018bf0000,0x0000000018cf0000)]
  0x000000000113e800 JavaThread "main" [_thread_blocked, id=10480, stack(0x0000000002c50000,0x0000000002d50000)]

Other Threads:
  0x0000000017a36000 VMThread [stack: 0x0000000018af0000,0x0000000018bf0000] [id=1992]
  0x0000000017a85000 WatcherThread [stack: 0x0000000019880000,0x0000000019980000] [id=10896]

VM state:not at safepoint (normal execution)

VM Mutex/Monitor currently owned by a thread: None

heap address: 0x0000000080000000, size: 2048 MB, Compressed Oops mode: 32-bit
Narrow klass base: 0x0000000000000000, Narrow klass shift: 3
Compressed class space size: 1073741824 Address: 0x0000000100000000

Heap:
 PSYoungGen      total 656384K, used 295448K [0x00000000d5580000, 0x00000000ffe80000, 0x0000000100000000)
  eden space 618496K, 44% used [0x00000000d5580000,0x00000000e616a670,0x00000000fb180000)
  from space 37888K, 55% used [0x00000000fd980000,0x00000000fee1ba00,0x00000000ffe80000)
  to   space 39424K, 0% used [0x00000000fb180000,0x00000000fb180000,0x00000000fd800000)
 ParOldGen       total 156672K, used 110712K [0x0000000080000000, 0x0000000089900000, 0x00000000d5580000)
  object space 156672K, 70% used [0x0000000080000000,0x0000000086c1e340,0x0000000089900000)
 Metaspace       used 96531K, capacity 101014K, committed 101208K, reserved 1136640K
  class space    used 12744K, capacity 13598K, committed 13696K, reserved 1048576K

Card table byte_map: [0x0000000012210000,0x0000000012620000] byte_map_base: 0x0000000011e10000

Marking Bits: (ParMarkBitMap*) 0x00000000778ef030
 Begin Bits: [0x0000000012cd0000, 0x0000000014cd0000)
 End Bits:   [0x0000000014cd0000, 0x0000000016cd0000)

Polling page: 0x0000000001030000

CodeCache: size=245760Kb used=53067Kb max_used=53072Kb free=192692Kb
 bounds [0x0000000002e50000, 0x0000000006270000, 0x0000000011e50000]
 total_blobs=16603 nmethods=15558 adapters=954
 compilation: enabled

Compilation events (10 events):
Event: 92.018 Thread 0x0000000017a7c000 18758       4       java.util.Spliterators$IteratorSpliterator::estimateSize (41 bytes)
Event: 92.019 Thread 0x0000000017a7c000 nmethod 18758 0x0000000006257610 code [0x0000000006257760, 0x0000000006257838]
Event: 92.019 Thread 0x0000000017a7c000 18741       4       com.google.common.collect.ImmutableSet$Builder::<init> (6 bytes)
Event: 92.020 Thread 0x0000000017a7c000 nmethod 18741 0x0000000006257310 code [0x0000000006257460, 0x0000000006257558]
Event: 92.020 Thread 0x0000000017a7c000 18783       4       org.objectweb.asm.MethodWriter::visitLdcInsn (215 bytes)
Event: 92.024 Thread 0x0000000017a83800 18784       3       org.gradle.api.internal.tasks.TaskMutator::mutate (35 bytes)
Event: 92.026 Thread 0x0000000017a83800 nmethod 18784 0x0000000006258b10 code [0x0000000006258da0, 0x0000000006259fb8]
Event: 92.026 Thread 0x0000000017a83800 18785       1       com.android.build.gradle.internal.scope.InternalArtifactType::getCategory (5 bytes)
Event: 92.026 Thread 0x0000000017a83800 nmethod 18785 0x0000000006257050 code [0x00000000062571a0, 0x00000000062572b0]
Event: 92.026 Thread 0x0000000017a7c000 nmethod 18783 0x0000000006257d90 code [0x0000000006257f20, 0x00000000062583f0]

GC Heap History (10 events):
Event: 72.125 GC heap before
{Heap before GC invocations=28 (full 4):
 PSYoungGen      total 503296K, used 468371K [0x00000000d5580000, 0x00000000fbb00000, 0x0000000100000000)
  eden space 462848K, 100% used [0x00000000d5580000,0x00000000f1980000,0x00000000f1980000)
  from space 40448K, 13% used [0x00000000f1980000,0x00000000f1ee4d10,0x00000000f4100000)
  to   space 38912K, 0% used [0x00000000f9500000,0x00000000f9500000,0x00000000fbb00000)
 ParOldGen       total 156672K, used 110680K [0x0000000080000000, 0x0000000089900000, 0x00000000d5580000)
  object space 156672K, 70% used [0x0000000080000000,0x0000000086c16340,0x0000000089900000)
 Metaspace       used 93724K, capacity 97874K, committed 98904K, reserved 1134592K
  class space    used 12368K, capacity 13158K, committed 13440K, reserved 1048576K
Event: 72.158 GC heap after
Heap after GC invocations=28 (full 4):
 PSYoungGen      total 570880K, used 10133K [0x00000000d5580000, 0x00000000fb000000, 0x0000000100000000)
  eden space 543232K, 0% used [0x00000000d5580000,0x00000000d5580000,0x00000000f6800000)
  from space 27648K, 36% used [0x00000000f9500000,0x00000000f9ee5488,0x00000000fb000000)
  to   space 36864K, 0% used [0x00000000f6800000,0x00000000f6800000,0x00000000f8c00000)
 ParOldGen       total 156672K, used 110688K [0x0000000080000000, 0x0000000089900000, 0x00000000d5580000)
  object space 156672K, 70% used [0x0000000080000000,0x0000000086c18340,0x0000000089900000)
 Metaspace       used 93724K, capacity 97874K, committed 98904K, reserved 1134592K
  class space    used 12368K, capacity 13158K, committed 13440K, reserved 1048576K
}
Event: 74.340 GC heap before
{Heap before GC invocations=29 (full 4):
 PSYoungGen      total 570880K, used 553365K [0x00000000d5580000, 0x00000000fb000000, 0x0000000100000000)
  eden space 543232K, 100% used [0x00000000d5580000,0x00000000f6800000,0x00000000f6800000)
  from space 27648K, 36% used [0x00000000f9500000,0x00000000f9ee5488,0x00000000fb000000)
  to   space 36864K, 0% used [0x00000000f6800000,0x00000000f6800000,0x00000000f8c00000)
 ParOldGen       total 156672K, used 110688K [0x0000000080000000, 0x0000000089900000, 0x00000000d5580000)
  object space 156672K, 70% used [0x0000000080000000,0x0000000086c18340,0x0000000089900000)
 Metaspace       used 93779K, capacity 97950K, committed 98904K, reserved 1134592K
  class space    used 12368K, capacity 13158K, committed 13440K, reserved 1048576K
Event: 74.406 GC heap after
Heap after GC invocations=29 (full 4):
 PSYoungGen      total 580096K, used 25362K [0x00000000d5580000, 0x00000000ffb00000, 0x0000000100000000)
  eden space 543232K, 0% used [0x00000000d5580000,0x00000000d5580000,0x00000000f6800000)
  from space 36864K, 68% used [0x00000000f6800000,0x00000000f80c4b40,0x00000000f8c00000)
  to   space 39424K, 0% used [0x00000000fd480000,0x00000000fd480000,0x00000000ffb00000)
 ParOldGen       total 156672K, used 110696K [0x0000000080000000, 0x0000000089900000, 0x00000000d5580000)
  object space 156672K, 70% used [0x0000000080000000,0x0000000086c1a340,0x0000000089900000)
 Metaspace       used 93779K, capacity 97950K, committed 98904K, reserved 1134592K
  class space    used 12368K, capacity 13158K, committed 13440K, reserved 1048576K
}
Event: 76.706 GC heap before
{Heap before GC invocations=30 (full 4):
 PSYoungGen      total 580096K, used 568594K [0x00000000d5580000, 0x00000000ffb00000, 0x0000000100000000)
  eden space 543232K, 100% used [0x00000000d5580000,0x00000000f6800000,0x00000000f6800000)
  from space 36864K, 68% used [0x00000000f6800000,0x00000000f80c4b40,0x00000000f8c00000)
  to   space 39424K, 0% used [0x00000000fd480000,0x00000000fd480000,0x00000000ffb00000)
 ParOldGen       total 156672K, used 110696K [0x0000000080000000, 0x0000000089900000, 0x00000000d5580000)
  object space 156672K, 70% used [0x0000000080000000,0x0000000086c1a340,0x0000000089900000)
 Metaspace       used 93805K, capacity 97950K, committed 98904K, reserved 1134592K
  class space    used 12368K, capacity 13158K, committed 13440K, reserved 1048576K
Event: 76.744 GC heap after
Heap after GC invocations=30 (full 4):
 PSYoungGen      total 648192K, used 25269K [0x00000000d5580000, 0x00000000ff980000, 0x0000000100000000)
  eden space 610304K, 0% used [0x00000000d5580000,0x00000000d5580000,0x00000000fa980000)
  from space 37888K, 66% used [0x00000000fd480000,0x00000000fed2d618,0x00000000ff980000)
  to   space 40960K, 0% used [0x00000000fa980000,0x00000000fa980000,0x00000000fd180000)
 ParOldGen       total 156672K, used 110696K [0x0000000080000000, 0x0000000089900000, 0x00000000d5580000)
  object space 156672K, 70% used [0x0000000080000000,0x0000000086c1a340,0x0000000089900000)
 Metaspace       used 93805K, capacity 97950K, committed 98904K, reserved 1134592K
  class space    used 12368K, capacity 13158K, committed 13440K, reserved 1048576K
}
Event: 78.903 GC heap before
{Heap before GC invocations=31 (full 4):
 PSYoungGen      total 648192K, used 635573K [0x00000000d5580000, 0x00000000ff980000, 0x0000000100000000)
  eden space 610304K, 100% used [0x00000000d5580000,0x00000000fa980000,0x00000000fa980000)
  from space 37888K, 66% used [0x00000000fd480000,0x00000000fed2d618,0x00000000ff980000)
  to   space 40960K, 0% used [0x00000000fa980000,0x00000000fa980000,0x00000000fd180000)
 ParOldGen       total 156672K, used 110696K [0x0000000080000000, 0x0000000089900000, 0x00000000d5580000)
  object space 156672K, 70% used [0x0000000080000000,0x0000000086c1a340,0x0000000089900000)
 Metaspace       used 93857K, capacity 98032K, committed 98904K, reserved 1134592K
  class space    used 12369K, capacity 13159K, committed 13440K, reserved 1048576K
Event: 78.930 GC heap after
Heap after GC invocations=31 (full 4):
 PSYoungGen      total 651264K, used 18472K [0x00000000d5580000, 0x0000000100000000, 0x0000000100000000)
  eden space 610304K, 0% used [0x00000000d5580000,0x00000000d5580000,0x00000000fa980000)
  from space 40960K, 45% used [0x00000000fa980000,0x00000000fbb8a0b8,0x00000000fd180000)
  to   space 39424K, 0% used [0x00000000fd980000,0x00000000fd980000,0x0000000100000000)
 ParOldGen       total 156672K, used 110704K [0x0000000080000000, 0x0000000089900000, 0x00000000d5580000)
  object space 156672K, 70% used [0x0000000080000000,0x0000000086c1c340,0x0000000089900000)
 Metaspace       used 93857K, capacity 98032K, committed 98904K, reserved 1134592K
  class space    used 12369K, capacity 13159K, committed 13440K, reserved 1048576K
}
Event: 86.814 GC heap before
{Heap before GC invocations=32 (full 4):
 PSYoungGen      total 651264K, used 627295K [0x00000000d5580000, 0x0000000100000000, 0x0000000100000000)
  eden space 610304K, 99% used [0x00000000d5580000,0x00000000fa80ddb8,0x00000000fa980000)
  from space 40960K, 45% used [0x00000000fa980000,0x00000000fbb8a0b8,0x00000000fd180000)
  to   space 39424K, 0% used [0x00000000fd980000,0x00000000fd980000,0x0000000100000000)
 ParOldGen       total 156672K, used 110704K [0x0000000080000000, 0x0000000089900000, 0x00000000d5580000)
  object space 156672K, 70% used [0x0000000080000000,0x0000000086c1c340,0x0000000089900000)
 Metaspace       used 94630K, capacity 98950K, committed 99672K, reserved 1136640K
  class space    used 12451K, capacity 13242K, committed 13440K, reserved 1048576K
Event: 86.885 GC heap after
Heap after GC invocations=32 (full 4):
 PSYoungGen      total 656384K, used 21102K [0x00000000d5580000, 0x00000000ffe80000, 0x0000000100000000)
  eden space 618496K, 0% used [0x00000000d5580000,0x00000000d5580000,0x00000000fb180000)
  from space 37888K, 55% used [0x00000000fd980000,0x00000000fee1ba00,0x00000000ffe80000)
  to   space 39424K, 0% used [0x00000000fb180000,0x00000000fb180000,0x00000000fd800000)
 ParOldGen       total 156672K, used 110712K [0x0000000080000000, 0x0000000089900000, 0x00000000d5580000)
  object space 156672K, 70% used [0x0000000080000000,0x0000000086c1e340,0x0000000089900000)
 Metaspace       used 94630K, capacity 98950K, committed 99672K, reserved 1136640K
  class space    used 12451K, capacity 13242K, committed 13440K, reserved 1048576K
}

Deoptimization events (10 events):
Event: 90.669 Thread 0x0000000020856800 Uncommon trap: reason=unstable_if action=reinterpret pc=0x00000000041bf13c method=java.nio.Bits.getInt(Ljava/nio/ByteBuffer;IZ)I @ 1
Event: 91.369 Thread 0x000000001b4e4000 Uncommon trap: reason=class_check action=maybe_recompile pc=0x0000000004479490 method=com.google.common.collect.SortedIterables.hasSameComparator(Ljava/util/Comparator;Ljava/lang/Iterable;)Z @ 11
Event: 91.435 Thread 0x000000001b4e4000 Uncommon trap: reason=class_check action=maybe_recompile pc=0x0000000004479490 method=com.google.common.collect.SortedIterables.hasSameComparator(Ljava/util/Comparator;Ljava/lang/Iterable;)Z @ 11
Event: 91.463 Thread 0x000000001b4e4000 Uncommon trap: reason=class_check action=maybe_recompile pc=0x0000000004479490 method=com.google.common.collect.SortedIterables.hasSameComparator(Ljava/util/Comparator;Ljava/lang/Iterable;)Z @ 11
Event: 91.463 Thread 0x000000001b4e4000 Uncommon trap: reason=class_check action=maybe_recompile pc=0x0000000004479490 method=com.google.common.collect.SortedIterables.hasSameComparator(Ljava/util/Comparator;Ljava/lang/Iterable;)Z @ 11
Event: 91.596 Thread 0x000000001b4e4000 Uncommon trap: reason=predicate action=maybe_recompile pc=0x0000000006082f90 method=java.util.TimSort.mergeLo(IIII)V @ 153
Event: 91.861 Thread 0x000000001b4e4000 Uncommon trap: reason=array_check action=maybe_recompile pc=0x000000000622a84c method=java.util.TimSort.reverseRange([Ljava/lang/Object;II)V @ 20
Event: 91.903 Thread 0x000000001b4e4000 Uncommon trap: reason=array_check action=maybe_recompile pc=0x000000000622a84c method=java.util.TimSort.reverseRange([Ljava/lang/Object;II)V @ 20
Event: 91.910 Thread 0x000000001b4e4000 Uncommon trap: reason=array_check action=maybe_recompile pc=0x000000000622a84c method=java.util.TimSort.reverseRange([Ljava/lang/Object;II)V @ 20
Event: 91.934 Thread 0x000000001b4e4000 Uncommon trap: reason=array_check action=maybe_recompile pc=0x000000000622a84c method=java.util.TimSort.reverseRange([Ljava/lang/Object;II)V @ 20

Classes redefined (0 events):
No events

Internal exceptions (10 events):
Event: 82.383 Thread 0x000000001f652000 Implicit null exception at 0x000000000385c62f to 0x000000000385c721
Event: 82.383 Thread 0x000000001f64d000 Implicit null exception at 0x000000000385c62f to 0x000000000385c721
Event: 86.504 Thread 0x000000001f64d000 Exception <a 'sun/nio/fs/WindowsException'> (0x00000000f9c57680) thrown at [C:\src\AOSP-openjdk-git\hotspot\src\share\vm\prims\jni.cpp, line 710]
Event: 86.810 Thread 0x0000000020850800 Exception <a 'sun/nio/fs/WindowsException'> (0x00000000e50220c0) thrown at [C:\src\AOSP-openjdk-git\hotspot\src\share\vm\prims\jni.cpp, line 710]
Event: 89.539 Thread 0x000000001f651800 Exception <a 'sun/nio/fs/WindowsException'> (0x00000000e28369e0) thrown at [C:\src\AOSP-openjdk-git\hotspot\src\share\vm\prims\jni.cpp, line 710]
Event: 89.723 Thread 0x000000001e7a5000 Exception <a 'java/lang/NoSuchMethodError': <clinit>> (0x00000000e3099858) thrown at [C:\src\AOSP-openjdk-git\hotspot\src\share\vm\prims\jni.cpp, line 1615]
Event: 89.723 Thread 0x000000001e7a5000 Exception <a 'java/lang/NoSuchMethodError': <clinit>> (0x00000000e309e0e0) thrown at [C:\src\AOSP-openjdk-git\hotspot\src\share\vm\prims\jni.cpp, line 1615]
Event: 89.916 Thread 0x0000000020856800 Exception <a 'sun/nio/fs/WindowsException'> (0x00000000e3835238) thrown at [C:\src\AOSP-openjdk-git\hotspot\src\share\vm\prims\jni.cpp, line 710]
Event: 89.916 Thread 0x0000000020856800 Exception <a 'sun/nio/fs/WindowsException'> (0x00000000e3835750) thrown at [C:\src\AOSP-openjdk-git\hotspot\src\share\vm\prims\jni.cpp, line 710]
Event: 89.952 Thread 0x0000000020856800 Exception <a 'java/lang/NoSuchMethodError': java.lang.Object.lambda$static$0(Lcom/android/apksig/util/RunnablesProvider;)V> (0x00000000e389b298) thrown at [C:\src\AOSP-openjdk-git\hotspot\src\share\vm\interpreter\linkResolver.cpp, line 620]

Events (10 events):
Event: 92.017 loading class com/android/builder/testing/api/DeviceConfigProvider
Event: 92.017 loading class com/android/builder/testing/api/DeviceConfigProvider done
Event: 92.022 loading class org/gradle/api/Task
Event: 92.022 loading class org/gradle/api/Task done
Event: 92.022 loading class org/gradle/api/Task
Event: 92.022 loading class org/gradle/api/Task done
Event: 92.022 loading class com/android/build/gradle/internal/tasks/InstallVariantTask
Event: 92.022 loading class com/android/build/gradle/internal/tasks/InstallVariantTask done
Event: 92.027 loading class com/android/build/gradle/tasks/LintGlobalTask$LintGlobalTaskDescriptor
Event: 92.027 loading class com/android/build/gradle/tasks/LintGlobalTask$LintGlobalTaskDescriptor done


Dynamic libraries:
0x00007ff693700000 - 0x00007ff693731000 	C:\Program Files\Android\Android Studio\jre\bin\java.exe
0x00007ffdf80e0000 - 0x00007ffdf82d0000 	C:\WINDOWS\SYSTEM32\ntdll.dll
0x00007ffdf6990000 - 0x00007ffdf6a42000 	C:\WINDOWS\System32\KERNEL32.DLL
0x00007ffdf5140000 - 0x00007ffdf53e4000 	C:\WINDOWS\System32\KERNELBASE.dll
0x00007ffdf7020000 - 0x00007ffdf70c3000 	C:\WINDOWS\System32\ADVAPI32.dll
0x00007ffdf64e0000 - 0x00007ffdf657e000 	C:\WINDOWS\System32\msvcrt.dll
0x00007ffdf6600000 - 0x00007ffdf6697000 	C:\WINDOWS\System32\sechost.dll
0x00007ffdf62d0000 - 0x00007ffdf63f0000 	C:\WINDOWS\System32\RPCRT4.dll
0x00007ffdf71e0000 - 0x00007ffdf7374000 	C:\WINDOWS\System32\USER32.dll
0x00007ffdf50f0000 - 0x00007ffdf5111000 	C:\WINDOWS\System32\win32u.dll
0x00007ffdf7440000 - 0x00007ffdf7466000 	C:\WINDOWS\System32\GDI32.dll
0x00007ffdf56f0000 - 0x00007ffdf5885000 	C:\WINDOWS\System32\gdi32full.dll
0x00007ffdf5940000 - 0x00007ffdf59de000 	C:\WINDOWS\System32\msvcp_win.dll
0x00007ffdf53f0000 - 0x00007ffdf54ea000 	C:\WINDOWS\System32\ucrtbase.dll
0x00007ffde74c0000 - 0x00007ffde7744000 	C:\WINDOWS\WinSxS\amd64_microsoft.windows.common-controls_6595b64144ccf1df_6.0.18362.900_none_e6beb9d913147d17\COMCTL32.dll
0x00007ffdf7cb0000 - 0x00007ffdf7fe5000 	C:\WINDOWS\System32\combase.dll
0x00007ffdf5070000 - 0x00007ffdf50f0000 	C:\WINDOWS\System32\bcryptPrimitives.dll
0x00007ffdf7390000 - 0x00007ffdf73be000 	C:\WINDOWS\System32\IMM32.DLL
0x00000000503f0000 - 0x00000000504c2000 	C:\Program Files\Android\Android Studio\jre\jre\bin\msvcr100.dll
0x0000000077120000 - 0x000000007796b000 	C:\Program Files\Android\Android Studio\jre\jre\bin\server\jvm.dll
0x00007ffdf7380000 - 0x00007ffdf7388000 	C:\WINDOWS\System32\PSAPI.DLL
0x00007ffdb0290000 - 0x00007ffdb0299000 	C:\WINDOWS\SYSTEM32\WSOCK32.dll
0x00007ffdf1c30000 - 0x00007ffdf1c54000 	C:\WINDOWS\SYSTEM32\WINMM.dll
0x00007ffdef9e0000 - 0x00007ffdef9ea000 	C:\WINDOWS\SYSTEM32\VERSION.dll
0x00007ffdf1c00000 - 0x00007ffdf1c2d000 	C:\WINDOWS\SYSTEM32\winmmbase.dll
0x00007ffdf7470000 - 0x00007ffdf74df000 	C:\WINDOWS\System32\WS2_32.dll
0x00007ffdf54f0000 - 0x00007ffdf553a000 	C:\WINDOWS\System32\cfgmgr32.dll
0x00007ffdd8d90000 - 0x00007ffdd8d9f000 	C:\Program Files\Android\Android Studio\jre\jre\bin\verify.dll
0x00007ffdd8d60000 - 0x00007ffdd8d89000 	C:\Program Files\Android\Android Studio\jre\jre\bin\java.dll
0x00007ffdd8d40000 - 0x00007ffdd8d56000 	C:\Program Files\Android\Android Studio\jre\jre\bin\zip.dll
0x00007ffdf75c0000 - 0x00007ffdf7ca6000 	C:\WINDOWS\System32\SHELL32.dll
0x00007ffdf7ff0000 - 0x00007ffdf8099000 	C:\WINDOWS\System32\shcore.dll
0x00007ffdf59e0000 - 0x00007ffdf6160000 	C:\WINDOWS\System32\windows.storage.dll
0x00007ffdf4ff0000 - 0x00007ffdf5013000 	C:\WINDOWS\System32\profapi.dll
0x00007ffdf5020000 - 0x00007ffdf506a000 	C:\WINDOWS\System32\powrprof.dll
0x00007ffdf4fa0000 - 0x00007ffdf4fb0000 	C:\WINDOWS\System32\UMPDC.dll
0x00007ffdf6920000 - 0x00007ffdf6972000 	C:\WINDOWS\System32\shlwapi.dll
0x00007ffdf4fd0000 - 0x00007ffdf4fe1000 	C:\WINDOWS\System32\kernel.appcore.dll
0x00007ffdf5120000 - 0x00007ffdf5137000 	C:\WINDOWS\System32\cryptsp.dll
0x00007ffdd8280000 - 0x00007ffdd829a000 	C:\Program Files\Android\Android Studio\jre\jre\bin\net.dll
0x00007ffdf47b0000 - 0x00007ffdf4817000 	C:\WINDOWS\system32\mswsock.dll
0x00007ffdd8260000 - 0x00007ffdd8273000 	C:\Program Files\Android\Android Studio\jre\jre\bin\nio.dll
0x00007ffdaeec0000 - 0x00007ffdaeee6000 	C:\Users\DarkCloud\.gradle\native\31\windows-amd64\native-platform.dll
0x00007ffdcf1d0000 - 0x00007ffdcf1dd000 	C:\Program Files\Android\Android Studio\jre\jre\bin\management.dll
0x00007ffdf4320000 - 0x00007ffdf4353000 	C:\WINDOWS\system32\rsaenh.dll
0x00007ffdf6160000 - 0x00007ffdf6186000 	C:\WINDOWS\System32\bcrypt.dll
0x00007ffdf4ec0000 - 0x00007ffdf4ee5000 	C:\WINDOWS\SYSTEM32\USERENV.dll
0x00007ffdf4bf0000 - 0x00007ffdf4bfc000 	C:\WINDOWS\SYSTEM32\CRYPTBASE.dll
0x00007ffdf44c0000 - 0x00007ffdf44fa000 	C:\WINDOWS\SYSTEM32\IPHLPAPI.DLL
0x00007ffdf6980000 - 0x00007ffdf6988000 	C:\WINDOWS\System32\NSI.dll
0x00007ffdea920000 - 0x00007ffdea936000 	C:\WINDOWS\SYSTEM32\dhcpcsvc6.DLL
0x00007ffdeabb0000 - 0x00007ffdeabcc000 	C:\WINDOWS\SYSTEM32\dhcpcsvc.DLL
0x00007ffdf4500000 - 0x00007ffdf45cb000 	C:\WINDOWS\SYSTEM32\DNSAPI.dll
0x00007ffdb3840000 - 0x00007ffdb39dc000 	C:\Program Files\Android\Android Studio\jre\jre\bin\awt.dll
0x00007ffdf6850000 - 0x00007ffdf6915000 	C:\WINDOWS\System32\OLEAUT32.dll
0x00007ffdf3720000 - 0x00007ffdf374d000 	C:\WINDOWS\SYSTEM32\dwmapi.dll
0x00007ffdf1d30000 - 0x00007ffdf22f0000 	C:\WINDOWS\SYSTEM32\d2d1.dll
0x00007ffdf3110000 - 0x00007ffdf319f000 	C:\WINDOWS\SYSTEM32\apphelp.dll
0x00007ffdf32f0000 - 0x00007ffdf3389000 	C:\WINDOWS\system32\uxtheme.dll
0x00007ffde5db0000 - 0x00007ffde5dce000 	C:\Users\DarkCloud\AppData\Local\Temp\native-platform6182988191942288672dir\native-platform.dll

VM Arguments:
jvm_args: -Xmx2048m -Dfile.encoding=x-windows-949 -Duser.country=KR -Duser.language=ko -Duser.variant 
java_command: org.gradle.launcher.daemon.bootstrap.GradleDaemon 6.1.1
java_class_path (initial): C:\Users\DarkCloud\.gradle\wrapper\dists\gradle-6.1.1-all\cfmwm155h49vnt3hynmlrsdst\gradle-6.1.1\lib\gradle-launcher-6.1.1.jar
Launcher Type: SUN_STANDARD

Environment Variables:
PATH=C:\Program Files (x86)\NAT Service;C:\Program Files (x86)\Common Files\Oracle\Java\javapath;C:\WINDOWS\system32;C:\WINDOWS;C:\WINDOWS\System32\Wbem;C:\WINDOWS\System32\WindowsPowerShell\v1.0\;C:\Program Files\Microsoft SQL Server\110\Tools\Binn\;C:\WINDOWS\System32\OpenSSH\;C:\Program Files\Microsoft\Web Platform Installer\;C:\Program Files\dotnet\;C:\Users\DarkCloud\AppData\Local\Microsoft\WindowsApps;C:\Program Files\Microsoft VS Code\bin;C:\Program Files\Bandizip\;C:\Program Files\Java\jdk-10.0.2\bin;;C:\Users\DarkCloud\AppData\Local\Programs\Microsoft VS Code\bin;C:\Program Files (x86)\ESTsoft\ALSee\x64
USERNAME=DarkCloud
OS=Windows_NT
PROCESSOR_IDENTIFIER=Intel64 Family 6 Model 158 Stepping 9, GenuineIntel



---------------  S Y S T E M  ---------------

OS: Windows 10.0 , 64 bit Build 18362 (10.0.18362.900)

CPU:total 4 (initial active 4) (2 cores per cpu, 2 threads per core) family 6 model 158 stepping 9, cmov, cx8, fxsr, mmx, sse, sse2, sse3, ssse3, sse4.1, sse4.2, popcnt, aes, clmul, erms, 3dnowpref, lzcnt, ht, tsc, tscinvbit

Memory: 4k page, physical 4056824k(225008k free), swap 6905592k(7548k free)

vm_info: OpenJDK 64-Bit Server VM (25.242-b01) for windows-amd64 JRE (1.8.0_242-release-1644-b01), built by "builder" with MS VC++ 10.0 (VS2010)

time: Mon Jul 13 22:06:59 2020
timezone: 대한민국 표준시
elapsed time: 92 seconds (0d 0h 1m 32s)

