#
# There is insufficient memory for the Java Runtime Environment to continue.
# Native memory allocation (malloc) failed to allocate 1411376 bytes for Chunk::new
# Possible reasons:
#   The system is out of physical RAM or swap space
#   The process is running with CompressedOops enabled, and the Java Heap may be blocking the growth of the native heap
# Possible solutions:
#   Reduce memory load on the system
#   Increase physical memory or swap space
#   Check if swap backing store is full
#   Decrease Java heap size (-Xmx/-Xms)
#   Decrease number of Java threads
#   Decrease Java thread stack sizes (-Xss)
#   Set larger code cache with -XX:ReservedCodeCacheSize=
#   JVM is running with Unscaled Compressed Oops mode in which the Java heap is
#     placed in the first 4GB address space. The Java Heap base address is the
#     maximum limit for the native heap growth. Please use -XX:HeapBaseMinAddress
#     to set the Java Heap base and to place the Java Heap above 4GB virtual address.
# This output file may be truncated or incomplete.
#
#  Out of Memory Error (allocation.cpp:389), pid=7888, tid=0x0000000000001bcc
#
# JRE version: OpenJDK Runtime Environment (8.0_242-b01) (build 1.8.0_242-release-1644-b01)
# Java VM: OpenJDK 64-Bit Server VM (25.242-b01 mixed mode windows-amd64 compressed oops)
# Failed to write core dump. Minidumps are not enabled by default on client versions of Windows
#

---------------  T H R E A D  ---------------

Current thread (0x000000001797c000):  JavaThread "C2 CompilerThread1" daemon [_thread_in_native, id=7116, stack(0x0000000019460000,0x0000000019560000)]

Stack: [0x0000000019460000,0x0000000019560000]
[error occurred during error reporting (printing stack bounds), id 0xc0000005]

Native frames: (J=compiled Java code, j=interpreted, Vv=VM code, C=native code)


Current CompileTask:
C2: 988985 18443       4       org.gradle.internal.graph.CachingDirectedGraphWalker::doSearch (659 bytes)


---------------  P R O C E S S  ---------------

Java Threads: ( => current thread )
  0x00000000207d0000 JavaThread "Cache worker for execution history cache (C:\Users\DarkCloud\Desktop\c++\study\Kotlin\Dust\.gradle\6.1.1\executionHistory)" [_thread_blocked, id=4576, stack(0x0000000029790000,0x0000000029890000)]
  0x00000000207ce000 JavaThread "Execution worker for ':' Thread 3" [_thread_blocked, id=12632, stack(0x00000000286e0000,0x00000000287e0000)]
  0x00000000207cb800 JavaThread "Execution worker for ':' Thread 2" [_thread_blocked, id=6276, stack(0x00000000283a0000,0x00000000284a0000)]
  0x00000000207c4000 JavaThread "Execution worker for ':'" [_thread_in_Java, id=6764, stack(0x0000000028090000,0x0000000028190000)]
  0x00000000207cb000 JavaThread "Cache worker for file content cache (C:\Users\DarkCloud\Desktop\c++\study\Kotlin\Dust\.gradle\6.1.1\fileContent)" [_thread_blocked, id=3768, stack(0x0000000026e90000,0x0000000026f90000)]
  0x00000000207c1000 JavaThread "Cache worker for Build Output Cleanup Cache (C:\Users\DarkCloud\Desktop\c++\study\Kotlin\Dust\.gradle\buildOutputCleanup)" [_thread_blocked, id=12272, stack(0x0000000026c90000,0x0000000026d90000)]
  0x00000000207c8000 JavaThread "Build operations Thread 4" [_thread_blocked, id=10004, stack(0x0000000026790000,0x0000000026890000)]
  0x00000000207c7000 JavaThread "Build operations Thread 3" [_thread_blocked, id=8348, stack(0x0000000024ed0000,0x0000000024fd0000)]
  0x00000000207c3800 JavaThread "Build operations Thread 2" [_thread_blocked, id=6760, stack(0x00000000232e0000,0x00000000233e0000)]
  0x00000000207c5000 JavaThread "Build operations" [_thread_blocked, id=11532, stack(0x0000000022de0000,0x0000000022ee0000)]
  0x00000000207c2000 JavaThread "Cache worker for cache directory md-rule (C:\Users\DarkCloud\.gradle\caches\6.1.1\md-rule)" [_thread_blocked, id=6000, stack(0x0000000021910000,0x0000000021a10000)]
  0x00000000207c6800 JavaThread "Cache worker for cache directory md-supplier (C:\Users\DarkCloud\.gradle\caches\6.1.1\md-supplier)" [_thread_blocked, id=3756, stack(0x0000000020d10000,0x0000000020e10000)]
  0x00000000207c5800 JavaThread "Cache worker for file hash cache (C:\Users\DarkCloud\Desktop\c++\study\Kotlin\Dust\.gradle\6.1.1\fileHashes)" [_thread_blocked, id=9712, stack(0x000000001fb80000,0x000000001fc80000)]
  0x0000000020479000 JavaThread "Cache worker for checksums cache (C:\Users\DarkCloud\Desktop\c++\study\Kotlin\Dust\.gradle\checksums)" [_thread_blocked, id=9844, stack(0x000000001cde0000,0x000000001cee0000)]
  0x0000000020476000 JavaThread "Thread-124" [_thread_blocked, id=2320, stack(0x000000001cce0000,0x000000001cde0000)]
  0x000000002047a800 JavaThread "Stdin handler" [_thread_blocked, id=8104, stack(0x000000001cbe0000,0x000000001cce0000)]
  0x000000002046e000 JavaThread "Asynchronous log dispatcher for DefaultDaemonConnection: socket connection from /127.0.0.1:6630 to /127.0.0.1:6870" [_thread_blocked, id=8492, stack(0x000000001cae0000,0x000000001cbe0000)]
  0x0000000020474800 JavaThread "Daemon worker Thread 6" [_thread_blocked, id=8276, stack(0x000000001c9e0000,0x000000001cae0000)]
  0x000000002046c000 JavaThread "Cancel handler" [_thread_blocked, id=9396, stack(0x000000001c5e0000,0x000000001c6e0000)]
  0x000000002046b000 JavaThread "Handler for socket connection from /127.0.0.1:6630 to /127.0.0.1:6870" [_thread_in_native, id=10652, stack(0x0000000000d90000,0x0000000000e90000)]
  0x0000000020471000 JavaThread "Daemon Thread 6" [_thread_blocked, id=380, stack(0x0000000000c90000,0x0000000000d90000)]
  0x000000001d611800 JavaThread "Cache worker for Java compile cache (C:\Users\DarkCloud\.gradle\caches\6.1.1\javaCompile)" [_thread_blocked, id=5384, stack(0x0000000026d90000,0x0000000026e90000)]
  0x000000001d613000 JavaThread "RMI Reaper" [_thread_blocked, id=9096, stack(0x0000000026a90000,0x0000000026b90000)]
  0x000000001d614800 JavaThread "RMI TCP Accept-0" daemon [_thread_in_native, id=12860, stack(0x0000000026990000,0x0000000026a90000)]
  0x000000001d614000 JavaThread "GC Daemon" daemon [_thread_blocked, id=10080, stack(0x0000000026890000,0x0000000026990000)]
  0x0000000020473800 JavaThread "RMI Scheduler(0)" daemon [_thread_blocked, id=9280, stack(0x00000000251d0000,0x00000000252d0000)]
  0x0000000020478000 JavaThread "Cache worker for file content cache (C:\Users\DarkCloud\.gradle\caches\6.1.1\fileContent)" [_thread_blocked, id=1780, stack(0x0000000024160000,0x0000000024260000)]
  0x0000000020475000 JavaThread "Memory manager" [_thread_blocked, id=6064, stack(0x0000000024060000,0x0000000024160000)]
  0x000000001b6b5800 JavaThread "Cache worker for execution history cache (C:\Users\DarkCloud\.gradle\caches\6.1.1\executionHistory)" [_thread_blocked, id=9256, stack(0x0000000020e10000,0x0000000020f10000)]
  0x000000001b6b7000 JavaThread "Cache worker for file hash cache (C:\Users\DarkCloud\.gradle\caches\6.1.1\fileHashes)" [_thread_blocked, id=12892, stack(0x000000001d2e0000,0x000000001d3e0000)]
  0x000000001b6b6800 JavaThread "File lock request listener" [_thread_in_native, id=5076, stack(0x000000001d1e0000,0x000000001d2e0000)]
  0x000000001b6b4000 JavaThread "Cache worker for journal cache (C:\Users\DarkCloud\.gradle\caches\journal-1)" [_thread_blocked, id=4108, stack(0x000000001d0e0000,0x000000001d1e0000)]
  0x000000001b4d2000 JavaThread "Daemon periodic checks" [_thread_blocked, id=13040, stack(0x000000001c4e0000,0x000000001c5e0000)]
  0x000000001b4cb800 JavaThread "Incoming local TCP Connector on port 6630" [_thread_in_native, id=7328, stack(0x000000001c300000,0x000000001c400000)]
  0x000000001b427800 JavaThread "Daemon health stats" [_thread_blocked, id=5720, stack(0x000000001c200000,0x000000001c300000)]
  0x0000000018de5800 JavaThread "Service Thread" daemon [_thread_blocked, id=6592, stack(0x0000000019660000,0x0000000019760000)]
  0x0000000017985000 JavaThread "C1 CompilerThread2" daemon [_thread_blocked, id=8644, stack(0x0000000019560000,0x0000000019660000)]
=>0x000000001797c000 JavaThread "C2 CompilerThread1" daemon [_thread_in_native, id=7116, stack(0x0000000019460000,0x0000000019560000)]
  0x00000000179cd000 JavaThread "C2 CompilerThread0" daemon [_thread_in_native, id=12664, stack(0x0000000019360000,0x0000000019460000)]
  0x00000000179ca800 JavaThread "Attach Listener" daemon [_thread_blocked, id=2380, stack(0x0000000019260000,0x0000000019360000)]
  0x0000000018d70800 JavaThread "Signal Dispatcher" daemon [_thread_blocked, id=13212, stack(0x0000000019160000,0x0000000019260000)]
  0x0000000002d4b000 JavaThread "Finalizer" daemon [_thread_blocked, id=6596, stack(0x0000000018bd0000,0x0000000018cd0000)]
  0x0000000017959000 JavaThread "Reference Handler" daemon [_thread_blocked, id=7260, stack(0x0000000018ad0000,0x0000000018bd0000)]
  0x000000000268e800 JavaThread "main" [_thread_blocked, id=7996, stack(0x0000000002b50000,0x0000000002c50000)]

Other Threads:
  0x0000000017936000 VMThread [stack: 0x00000000189d0000,0x0000000018ad0000] [id=10012]
  0x0000000018de6000 WatcherThread [stack: 0x0000000019760000,0x0000000019860000] [id=6720]

VM state:not at safepoint (normal execution)

VM Mutex/Monitor currently owned by a thread: None

heap address: 0x0000000080000000, size: 2048 MB, Compressed Oops mode: 32-bit
Narrow klass base: 0x0000000000000000, Narrow klass shift: 3
Compressed class space size: 1073741824 Address: 0x0000000100000000

Heap:
 PSYoungGen      total 351744K, used 124447K [0x00000000d5580000, 0x00000000f1580000, 0x0000000100000000)
  eden space 271872K, 33% used [0x00000000d5580000,0x00000000dae605b0,0x00000000e5f00000)
  from space 79872K, 41% used [0x00000000e5f00000,0x00000000e7fa76b0,0x00000000ead00000)
  to   space 76288K, 0% used [0x00000000ecb00000,0x00000000ecb00000,0x00000000f1580000)
 ParOldGen       total 231936K, used 120559K [0x0000000080000000, 0x000000008e280000, 0x00000000d5580000)
  object space 231936K, 51% used [0x0000000080000000,0x00000000875bbf70,0x000000008e280000)
 Metaspace       used 104894K, capacity 110818K, committed 111064K, reserved 1144832K
  class space    used 13858K, capacity 14980K, committed 15104K, reserved 1048576K

Card table byte_map: [0x0000000012110000,0x0000000012520000] byte_map_base: 0x0000000011d10000

Marking Bits: (ParMarkBitMap*) 0x000000006a76f030
 Begin Bits: [0x0000000012bd0000, 0x0000000014bd0000)
 End Bits:   [0x0000000014bd0000, 0x0000000016bd0000)

Polling page: 0x0000000000a70000

CodeCache: size=245760Kb used=50019Kb max_used=50019Kb free=195740Kb
 bounds [0x0000000002d50000, 0x0000000005e70000, 0x0000000011d50000]
 total_blobs=15904 nmethods=14952 adapters=864
 compilation: enabled

Compilation events (10 events):
Event: 988.510 Thread 0x0000000017985000 18472       3       org.gradle.api.internal.artifacts.transform.TransformationSubject$AbstractInitialTransformationSubject::<init> (10 bytes)
Event: 988.510 Thread 0x0000000017985000 nmethod 18472 0x0000000005e68410 code [0x0000000005e68580, 0x0000000005e687b0]
Event: 988.528 Thread 0x0000000017985000 18473       3       org.gradle.internal.snapshot.PathUtil::getPathComparator (52 bytes)
Event: 988.529 Thread 0x0000000017985000 nmethod 18473 0x0000000005e68890 code [0x0000000005e68a00, 0x0000000005e68ce8]
Event: 988.529 Thread 0x0000000017985000 18474       3       org.gradle.internal.snapshot.PathUtil$$Lambda$149/1811189242::compare (12 bytes)
Event: 988.530 Thread 0x0000000017985000 nmethod 18474 0x0000000005e68e50 code [0x0000000005e68fe0, 0x0000000005e693a8]
Event: 988.530 Thread 0x0000000017985000 18475       3       org.gradle.internal.snapshot.PathUtil::lambda$static$1 (9 bytes)
Event: 988.530 Thread 0x0000000017985000 nmethod 18475 0x0000000005e694d0 code [0x0000000005e69640, 0x0000000005e697a8]
Event: 988.640 Thread 0x0000000017985000 18476       1       org.gradle.api.internal.artifacts.transform.TransformationNode::resolveMutations (1 bytes)
Event: 988.640 Thread 0x0000000017985000 nmethod 18476 0x0000000005e69850 code [0x0000000005e699a0, 0x0000000005e69ab0]

GC Heap History (10 events):
Event: 242.976 GC heap before
{Heap before GC invocations=26 (full 4):
 PSYoungGen      total 243200K, used 243194K [0x00000000d5580000, 0x00000000eba80000, 0x0000000100000000)
  eden space 197632K, 100% used [0x00000000d5580000,0x00000000e1680000,0x00000000e1680000)
  from space 45568K, 99% used [0x00000000e1680000,0x00000000e42febf0,0x00000000e4300000)
  to   space 66560K, 0% used [0x00000000e7980000,0x00000000e7980000,0x00000000eba80000)
 ParOldGen       total 190464K, used 146543K [0x0000000080000000, 0x000000008ba00000, 0x00000000d5580000)
  object space 190464K, 76% used [0x0000000080000000,0x0000000088f1bf78,0x000000008ba00000)
 Metaspace       used 87874K, capacity 92110K, committed 92248K, reserved 1128448K
  class space    used 11796K, capacity 12578K, committed 12672K, reserved 1048576K
Event: 243.057 GC heap after
Heap after GC invocations=26 (full 4):
 PSYoungGen      total 285696K, used 30684K [0x00000000d5580000, 0x00000000eb280000, 0x0000000100000000)
  eden space 227328K, 0% used [0x00000000d5580000,0x00000000d5580000,0x00000000e3380000)
  from space 58368K, 52% used [0x00000000e7980000,0x00000000e97770d0,0x00000000eb280000)
  to   space 65024K, 0% used [0x00000000e3380000,0x00000000e3380000,0x00000000e7300000)
 ParOldGen       total 190464K, used 154443K [0x0000000080000000, 0x000000008ba00000, 0x00000000d5580000)
  object space 190464K, 81% used [0x0000000080000000,0x00000000896d2dc0,0x000000008ba00000)
 Metaspace       used 87874K, capacity 92110K, committed 92248K, reserved 1128448K
  class space    used 11796K, capacity 12578K, committed 12672K, reserved 1048576K
}
Event: 244.095 GC heap before
{Heap before GC invocations=27 (full 4):
 PSYoungGen      total 285696K, used 255661K [0x00000000d5580000, 0x00000000eb280000, 0x0000000100000000)
  eden space 227328K, 98% used [0x00000000d5580000,0x00000000e3134678,0x00000000e3380000)
  from space 58368K, 52% used [0x00000000e7980000,0x00000000e97770d0,0x00000000eb280000)
  to   space 65024K, 0% used [0x00000000e3380000,0x00000000e3380000,0x00000000e7300000)
 ParOldGen       total 190464K, used 154443K [0x0000000080000000, 0x000000008ba00000, 0x00000000d5580000)
  object space 190464K, 81% used [0x0000000080000000,0x00000000896d2dc0,0x000000008ba00000)
 Metaspace       used 87903K, capacity 92132K, committed 92248K, reserved 1128448K
  class space    used 11798K, capacity 12581K, committed 12672K, reserved 1048576K
Event: 244.196 GC heap after
Heap after GC invocations=27 (full 4):
 PSYoungGen      total 292352K, used 65006K [0x00000000d5580000, 0x00000000f0580000, 0x0000000100000000)
  eden space 227328K, 0% used [0x00000000d5580000,0x00000000d5580000,0x00000000e3380000)
  from space 65024K, 99% used [0x00000000e3380000,0x00000000e72fb860,0x00000000e7300000)
  to   space 84992K, 0% used [0x00000000eb280000,0x00000000eb280000,0x00000000f0580000)
 ParOldGen       total 190464K, used 177824K [0x0000000080000000, 0x000000008ba00000, 0x00000000d5580000)
  object space 190464K, 93% used [0x0000000080000000,0x000000008ada80d8,0x000000008ba00000)
 Metaspace       used 87903K, capacity 92132K, committed 92248K, reserved 1128448K
  class space    used 11798K, capacity 12581K, committed 12672K, reserved 1048576K
}
Event: 244.197 GC heap before
{Heap before GC invocations=28 (full 5):
 PSYoungGen      total 292352K, used 65006K [0x00000000d5580000, 0x00000000f0580000, 0x0000000100000000)
  eden space 227328K, 0% used [0x00000000d5580000,0x00000000d5580000,0x00000000e3380000)
  from space 65024K, 99% used [0x00000000e3380000,0x00000000e72fb860,0x00000000e7300000)
  to   space 84992K, 0% used [0x00000000eb280000,0x00000000eb280000,0x00000000f0580000)
 ParOldGen       total 190464K, used 177824K [0x0000000080000000, 0x000000008ba00000, 0x00000000d5580000)
  object space 190464K, 93% used [0x0000000080000000,0x000000008ada80d8,0x000000008ba00000)
 Metaspace       used 87903K, capacity 92132K, committed 92248K, reserved 1128448K
  class space    used 11798K, capacity 12581K, committed 12672K, reserved 1048576K
Event: 244.966 GC heap after
Heap after GC invocations=28 (full 5):
 PSYoungGen      total 292352K, used 0K [0x00000000d5580000, 0x00000000f0580000, 0x0000000100000000)
  eden space 227328K, 0% used [0x00000000d5580000,0x00000000d5580000,0x00000000e3380000)
  from space 65024K, 0% used [0x00000000e3380000,0x00000000e3380000,0x00000000e7300000)
  to   space 84992K, 0% used [0x00000000eb280000,0x00000000eb280000,0x00000000f0580000)
 ParOldGen       total 231936K, used 120551K [0x0000000080000000, 0x000000008e280000, 0x00000000d5580000)
  object space 231936K, 51% used [0x0000000080000000,0x00000000875b9f70,0x000000008e280000)
 Metaspace       used 87903K, capacity 92132K, committed 92248K, reserved 1128448K
  class space    used 11798K, capacity 12581K, committed 12672K, reserved 1048576K
}
Event: 795.964 GC heap before
{Heap before GC invocations=29 (full 5):
 PSYoungGen      total 292352K, used 227328K [0x00000000d5580000, 0x00000000f0580000, 0x0000000100000000)
  eden space 227328K, 100% used [0x00000000d5580000,0x00000000e3380000,0x00000000e3380000)
  from space 65024K, 0% used [0x00000000e3380000,0x00000000e3380000,0x00000000e7300000)
  to   space 84992K, 0% used [0x00000000eb280000,0x00000000eb280000,0x00000000f0580000)
 ParOldGen       total 231936K, used 120551K [0x0000000080000000, 0x000000008e280000, 0x00000000d5580000)
  object space 231936K, 51% used [0x0000000080000000,0x00000000875b9f70,0x000000008e280000)
 Metaspace       used 95119K, capacity 100008K, committed 100056K, reserved 1136640K
  class space    used 12672K, capacity 13566K, committed 13568K, reserved 1048576K
Event: 796.196 GC heap after
Heap after GC invocations=29 (full 5):
 PSYoungGen      total 346112K, used 27390K [0x00000000d5580000, 0x00000000efb00000, 0x0000000100000000)
  eden space 271872K, 0% used [0x00000000d5580000,0x00000000d5580000,0x00000000e5f00000)
  from space 74240K, 36% used [0x00000000eb280000,0x00000000ecd3fb60,0x00000000efb00000)
  to   space 79872K, 0% used [0x00000000e5f00000,0x00000000e5f00000,0x00000000ead00000)
 ParOldGen       total 231936K, used 120559K [0x0000000080000000, 0x000000008e280000, 0x00000000d5580000)
  object space 231936K, 51% used [0x0000000080000000,0x00000000875bbf70,0x000000008e280000)
 Metaspace       used 95119K, capacity 100008K, committed 100056K, reserved 1136640K
  class space    used 12672K, capacity 13566K, committed 13568K, reserved 1048576K
}
Event: 909.949 GC heap before
{Heap before GC invocations=30 (full 5):
 PSYoungGen      total 346112K, used 299262K [0x00000000d5580000, 0x00000000efb00000, 0x0000000100000000)
  eden space 271872K, 100% used [0x00000000d5580000,0x00000000e5f00000,0x00000000e5f00000)
  from space 74240K, 36% used [0x00000000eb280000,0x00000000ecd3fb60,0x00000000efb00000)
  to   space 79872K, 0% used [0x00000000e5f00000,0x00000000e5f00000,0x00000000ead00000)
 ParOldGen       total 231936K, used 120559K [0x0000000080000000, 0x000000008e280000, 0x00000000d5580000)
  object space 231936K, 51% used [0x0000000080000000,0x00000000875bbf70,0x000000008e280000)
 Metaspace       used 104535K, capacity 110474K, committed 110680K, reserved 1144832K
  class space    used 13838K, capacity 14946K, committed 14976K, reserved 1048576K
Event: 910.118 GC heap after
Heap after GC invocations=30 (full 5):
 PSYoungGen      total 351744K, used 33437K [0x00000000d5580000, 0x00000000f1580000, 0x0000000100000000)
  eden space 271872K, 0% used [0x00000000d5580000,0x00000000d5580000,0x00000000e5f00000)
  from space 79872K, 41% used [0x00000000e5f00000,0x00000000e7fa76b0,0x00000000ead00000)
  to   space 76288K, 0% used [0x00000000ecb00000,0x00000000ecb00000,0x00000000f1580000)
 ParOldGen       total 231936K, used 120559K [0x0000000080000000, 0x000000008e280000, 0x00000000d5580000)
  object space 231936K, 51% used [0x0000000080000000,0x00000000875bbf70,0x000000008e280000)
 Metaspace       used 104535K, capacity 110474K, committed 110680K, reserved 1144832K
  class space    used 13838K, capacity 14946K, committed 14976K, reserved 1048576K
}

Deoptimization events (10 events):
Event: 910.815 Thread 0x00000000207c3800 Uncommon trap: reason=class_check action=maybe_recompile pc=0x0000000005372240 method=org.gradle.api.internal.artifacts.transform.DefaultTransformationNodeRegistry$ArtifactTransformKey.hashCode()I @ 4
Event: 910.990 Thread 0x00000000207c3800 Uncommon trap: reason=class_check action=maybe_recompile pc=0x00000000052be514 method=java.lang.StringCoding.encode(Ljava/nio/charset/Charset;[CII)[B @ 1
Event: 912.339 Thread 0x00000000207c3800 Uncommon trap: reason=unstable_if action=reinterpret pc=0x0000000004be7b70 method=com.esotericsoftware.kryo.io.Output.writeVarLong(JZ)I @ 55
Event: 912.372 Thread 0x00000000207c3800 Uncommon trap: reason=bimorphic action=maybe_recompile pc=0x0000000004e64d6c method=java.util.HashMap.removeNode(ILjava/lang/Object;Ljava/lang/Object;ZZ)Ljava/util/HashMap$Node; @ 143
Event: 987.076 Thread 0x000000002046b000 Uncommon trap: reason=bimorphic action=maybe_recompile pc=0x0000000005bbd8b4 method=java.io.DataInputStream.readChar()C @ 4
Event: 987.077 Thread 0x000000002046b000 Uncommon trap: reason=bimorphic action=maybe_recompile pc=0x0000000005bbd8b4 method=java.io.DataInputStream.readChar()C @ 4
Event: 987.077 Thread 0x000000002046b000 Uncommon trap: reason=bimorphic action=maybe_recompile pc=0x0000000005bbd8b4 method=java.io.DataInputStream.readChar()C @ 4
Event: 987.118 Thread 0x0000000020474800 Uncommon trap: reason=bimorphic action=maybe_recompile pc=0x0000000005bbd8b4 method=java.io.DataInputStream.readChar()C @ 4
Event: 987.261 Thread 0x00000000207c8000 Uncommon trap: reason=unstable_if action=reinterpret pc=0x0000000005b3d620 method=java.util.concurrent.locks.AbstractQueuedSynchronizer.findNodeFromTail(Ljava/util/concurrent/locks/AbstractQueuedSynchronizer$Node;)Z @ 7
Event: 987.534 Thread 0x0000000020474800 Uncommon trap: reason=bimorphic action=maybe_recompile pc=0x0000000004e64d6c method=java.util.HashMap.removeNode(ILjava/lang/Object;Ljava/lang/Object;ZZ)Ljava/util/HashMap$Node; @ 143

Classes redefined (0 events):
No events

Internal exceptions (10 events):
Event: 906.463 Thread 0x00000000207c3800 Implicit null exception at 0x000000000435a362 to 0x000000000435a8a1
Event: 906.463 Thread 0x00000000207cb000 Implicit null exception at 0x000000000435a362 to 0x000000000435a8a1
Event: 906.546 Thread 0x00000000207c3800 Implicit null exception at 0x00000000048265f2 to 0x0000000004826dd5
Event: 906.631 Thread 0x00000000207c3800 Implicit null exception at 0x000000000433c26c to 0x000000000433e949
Event: 907.295 Thread 0x00000000207c3800 Implicit null exception at 0x000000000343c765 to 0x000000000343c895
Event: 907.295 Thread 0x00000000207cb000 Implicit null exception at 0x000000000343c765 to 0x000000000343c895
Event: 907.439 Thread 0x00000000207cb000 Implicit null exception at 0x0000000002fcaad4 to 0x0000000002fcae99
Event: 909.850 Thread 0x00000000207c9800 Exception <a 'sun/nio/fs/WindowsException'> (0x00000000e58cb580) thrown at [C:\src\AOSP-openjdk-git\hotspot\src\share\vm\prims\jni.cpp, line 710]
Event: 910.509 Thread 0x00000000207c3800 Exception <a 'java/lang/reflect/InvocationTargetException'> (0x00000000d63f1260) thrown at [C:\src\AOSP-openjdk-git\hotspot\src\share\vm\runtime\reflection.cpp, line 1092]
Event: 912.362 Thread 0x00000000207c3800 Exception <a 'sun/nio/fs/WindowsException'> (0x00000000d743d2e0) thrown at [C:\src\AOSP-openjdk-git\hotspot\src\share\vm\prims\jni.cpp, line 710]

Events (10 events):
Event: 988.400 Thread 0x00000000207c4000 Thread added: 0x00000000207c4000
Event: 988.400 Thread 0x00000000207cb800 Thread added: 0x00000000207cb800
Event: 988.401 Thread 0x00000000207ce000 Thread added: 0x00000000207ce000
Event: 988.404 Executing VM operation: RevokeBias
Event: 988.407 Executing VM operation: RevokeBias done
Event: 988.423 Executing VM operation: RevokeBias
Event: 988.426 Executing VM operation: RevokeBias done
Event: 988.426 Executing VM operation: RevokeBias
Event: 988.426 Executing VM operation: RevokeBias done
Event: 988.771 Thread 0x00000000207d0000 Thread added: 0x00000000207d0000


Dynamic libraries:
0x00007ff7aa330000 - 0x00007ff7aa361000 	C:\Program Files\Android\Android Studio\jre\bin\java.exe
0x00007ff9d1ac0000 - 0x00007ff9d1cb0000 	C:\WINDOWS\SYSTEM32\ntdll.dll
0x00007ff9d0f70000 - 0x00007ff9d1022000 	C:\WINDOWS\System32\KERNEL32.DLL
0x00007ff9cf7d0000 - 0x00007ff9cfa74000 	C:\WINDOWS\System32\KERNELBASE.dll
0x00007ff9d1360000 - 0x00007ff9d1403000 	C:\WINDOWS\System32\ADVAPI32.dll
0x00007ff9d1210000 - 0x00007ff9d12ae000 	C:\WINDOWS\System32\msvcrt.dll
0x00007ff9d19e0000 - 0x00007ff9d1a77000 	C:\WINDOWS\System32\sechost.dll
0x00007ff9d0e40000 - 0x00007ff9d0f60000 	C:\WINDOWS\System32\RPCRT4.dll
0x00007ff9d1720000 - 0x00007ff9d18b4000 	C:\WINDOWS\System32\USER32.dll
0x00007ff9cea60000 - 0x00007ff9cea81000 	C:\WINDOWS\System32\win32u.dll
0x00007ff9d0870000 - 0x00007ff9d0896000 	C:\WINDOWS\System32\GDI32.dll
0x00007ff9cf4e0000 - 0x00007ff9cf676000 	C:\WINDOWS\System32\gdi32full.dll
0x00007ff9cfa80000 - 0x00007ff9cfb1e000 	C:\WINDOWS\System32\msvcp_win.dll
0x00007ff9cf330000 - 0x00007ff9cf42a000 	C:\WINDOWS\System32\ucrtbase.dll
0x00007ff9b7ef0000 - 0x00007ff9b8174000 	C:\WINDOWS\WinSxS\amd64_microsoft.windows.common-controls_6595b64144ccf1df_6.0.18362.959_none_e6c7bbbf130c62bb\COMCTL32.dll
0x00007ff9d08a0000 - 0x00007ff9d0bd5000 	C:\WINDOWS\System32\combase.dll
0x00007ff9cf250000 - 0x00007ff9cf2d0000 	C:\WINDOWS\System32\bcryptPrimitives.dll
0x00007ff9d12b0000 - 0x00007ff9d12de000 	C:\WINDOWS\System32\IMM32.DLL
0x0000000069ec0000 - 0x0000000069f92000 	C:\Program Files\Android\Android Studio\jre\jre\bin\msvcr100.dll
0x0000000069fa0000 - 0x000000006a7eb000 	C:\Program Files\Android\Android Studio\jre\jre\bin\server\jvm.dll
0x00007ff9d18c0000 - 0x00007ff9d18c8000 	C:\WINDOWS\System32\PSAPI.DLL
0x00007ff9cc460000 - 0x00007ff9cc484000 	C:\WINDOWS\SYSTEM32\WINMM.dll
0x00007ff9c9de0000 - 0x00007ff9c9dea000 	C:\WINDOWS\SYSTEM32\VERSION.dll
0x00007ff9c26b0000 - 0x00007ff9c26b9000 	C:\WINDOWS\SYSTEM32\WSOCK32.dll
0x00007ff9cc430000 - 0x00007ff9cc45d000 	C:\WINDOWS\SYSTEM32\WINMMBASE.dll
0x00007ff9cfb20000 - 0x00007ff9cfb6a000 	C:\WINDOWS\System32\cfgmgr32.dll
0x00007ff9d0800000 - 0x00007ff9d086f000 	C:\WINDOWS\System32\WS2_32.dll
0x00007ff9b81a0000 - 0x00007ff9b81af000 	C:\Program Files\Android\Android Studio\jre\jre\bin\verify.dll
0x00007ff99b480000 - 0x00007ff99b4a9000 	C:\Program Files\Android\Android Studio\jre\jre\bin\java.dll
0x00007ff9b8180000 - 0x00007ff9b8196000 	C:\Program Files\Android\Android Studio\jre\jre\bin\zip.dll
0x00007ff9cfca0000 - 0x00007ff9d0386000 	C:\WINDOWS\System32\SHELL32.dll
0x00007ff9d18d0000 - 0x00007ff9d1979000 	C:\WINDOWS\System32\shcore.dll
0x00007ff9ceac0000 - 0x00007ff9cf242000 	C:\WINDOWS\System32\windows.storage.dll
0x00007ff9ce9f0000 - 0x00007ff9cea13000 	C:\WINDOWS\System32\profapi.dll
0x00007ff9ce9a0000 - 0x00007ff9ce9ea000 	C:\WINDOWS\System32\powrprof.dll
0x00007ff9ce970000 - 0x00007ff9ce980000 	C:\WINDOWS\System32\UMPDC.dll
0x00007ff9d1490000 - 0x00007ff9d14e2000 	C:\WINDOWS\System32\shlwapi.dll
0x00007ff9ce980000 - 0x00007ff9ce991000 	C:\WINDOWS\System32\kernel.appcore.dll
0x00007ff9cea40000 - 0x00007ff9cea57000 	C:\WINDOWS\System32\cryptsp.dll
0x00007ff9b0b40000 - 0x00007ff9b0b5a000 	C:\Program Files\Android\Android Studio\jre\jre\bin\net.dll
0x00007ff9ce180000 - 0x00007ff9ce1e7000 	C:\WINDOWS\system32\mswsock.dll
0x00007ff99b460000 - 0x00007ff99b473000 	C:\Program Files\Android\Android Studio\jre\jre\bin\nio.dll
0x00007ff9b9890000 - 0x00007ff9b98b6000 	C:\Users\DarkCloud\.gradle\native\31\windows-amd64\native-platform.dll
0x00007ff9af9a0000 - 0x00007ff9af9ad000 	C:\Program Files\Android\Android Studio\jre\jre\bin\management.dll
0x00007ff9cdcf0000 - 0x00007ff9cdd23000 	C:\WINDOWS\system32\rsaenh.dll
0x00007ff9cea90000 - 0x00007ff9ceab6000 	C:\WINDOWS\System32\bcrypt.dll
0x00007ff9ce890000 - 0x00007ff9ce8b5000 	C:\WINDOWS\SYSTEM32\USERENV.dll
0x00007ff9ce350000 - 0x00007ff9ce35c000 	C:\WINDOWS\SYSTEM32\CRYPTBASE.dll
0x00007ff9cde90000 - 0x00007ff9cdeca000 	C:\WINDOWS\SYSTEM32\IPHLPAPI.DLL
0x00007ff9d1200000 - 0x00007ff9d1208000 	C:\WINDOWS\System32\NSI.dll
0x00007ff9c2c20000 - 0x00007ff9c2c36000 	C:\WINDOWS\SYSTEM32\dhcpcsvc6.DLL
0x00007ff9c53e0000 - 0x00007ff9c53fc000 	C:\WINDOWS\SYSTEM32\dhcpcsvc.DLL
0x00007ff9cded0000 - 0x00007ff9cdf9b000 	C:\WINDOWS\SYSTEM32\DNSAPI.dll
0x00007ff9b7340000 - 0x00007ff9b7364000 	C:\Program Files\Android\Android Studio\jre\jre\bin\sunec.dll
0x00007ff9c0840000 - 0x00007ff9c084a000 	C:\Windows\System32\rasadhlp.dll
0x00007ff9c2a20000 - 0x00007ff9c2a97000 	C:\WINDOWS\System32\fwpuclnt.dll
0x00007ff9c8920000 - 0x00007ff9c892b000 	C:\Program Files\Android\Android Studio\jre\jre\bin\sunmscapi.dll
0x00007ff9cf680000 - 0x00007ff9cf7c9000 	C:\WINDOWS\System32\CRYPT32.dll
0x00007ff9cea20000 - 0x00007ff9cea32000 	C:\WINDOWS\System32\MSASN1.dll
0x00007ff9cd9b0000 - 0x00007ff9cd9e1000 	C:\WINDOWS\SYSTEM32\ntmarta.dll

VM Arguments:
jvm_args: -Xmx2048m -Dfile.encoding=x-windows-949 -Duser.country=KR -Duser.language=ko -Duser.variant 
java_command: org.gradle.launcher.daemon.bootstrap.GradleDaemon 6.1.1
java_class_path (initial): C:\Users\DarkCloud\.gradle\wrapper\dists\gradle-6.1.1-all\cfmwm155h49vnt3hynmlrsdst\gradle-6.1.1\lib\gradle-launcher-6.1.1.jar
Launcher Type: SUN_STANDARD

Environment Variables:
PATH=C:\Program Files (x86)\NAT Service;C:\Program Files (x86)\Common Files\Oracle\Java\javapath;C:\WINDOWS\system32;C:\WINDOWS;C:\WINDOWS\System32\Wbem;C:\WINDOWS\System32\WindowsPowerShell\v1.0\;C:\Program Files\Microsoft SQL Server\110\Tools\Binn\;C:\WINDOWS\System32\OpenSSH\;C:\Program Files\Microsoft\Web Platform Installer\;C:\Program Files\dotnet\;C:\Users\DarkCloud\AppData\Local\Microsoft\WindowsApps;C:\Program Files\Microsoft VS Code\bin;C:\Program Files\Bandizip\;C:\Program Files\Java\jdk-10.0.2\bin;;C:\Users\DarkCloud\AppData\Local\Programs\Microsoft VS Code\bin;C:\Program Files (x86)\ESTsoft\ALSee\x64
USERNAME=DarkCloud
OS=Windows_NT
PROCESSOR_IDENTIFIER=Intel64 Family 6 Model 158 Stepping 9, GenuineIntel



---------------  S Y S T E M  ---------------

OS: Windows 10.0 , 64 bit Build 18362 (10.0.18362.959)

CPU:total 4 (initial active 4) (2 cores per cpu, 2 threads per core) family 6 model 158 stepping 9, cmov, cx8, fxsr, mmx, sse, sse2, sse3, ssse3, sse4.1, sse4.2, popcnt, aes, clmul, erms, 3dnowpref, lzcnt, ht, tsc, tscinvbit

Memory: 4k page, physical 4056824k(247168k free), swap 6905592k(6256k free)

vm_info: OpenJDK 64-Bit Server VM (25.242-b01) for windows-amd64 JRE (1.8.0_242-release-1644-b01), built by "builder" with MS VC++ 10.0 (VS2010)

time: Sat Jul 25 00:41:26 2020
timezone: 대한민국 표준시
elapsed time: 988 seconds (0d 0h 16m 28s)

